<?xml version="1.0" encoding="UTF-8"?>
<!-- Generated by org.testng.reporters.JUnitReportReporter -->
<testsuite hostname="USBLRHIMANSHU37" failures="0" tests="1" name="test.IvantiLoginTest" time="56.012" errors="0" timestamp="2025-04-18T13:39:38 IST" skipped="0">
  <testcase classname="test.IvantiLoginTest" name="testValidLogin" time="56.012"/>
</testsuite> <!-- test.IvantiLoginTest -->
