<?xml version="1.0" encoding="UTF-8"?>
<!-- Generated by org.testng.reporters.JUnitReportReporter -->
<testsuite hostname="USBLRHIMANSHU37" failures="0" tests="1" name="test.IvantiLoginTest" time="98.329" errors="0" timestamp="2025-04-18T16:41:25 IST" skipped="0">
  <testcase classname="test.IvantiLoginTest" name="testValidLogin" time="98.329"/>
</testsuite> <!-- test.IvantiLoginTest -->
