<?xml version="1.0" encoding="UTF-8"?>
<!-- Generated by org.testng.reporters.JUnitReportReporter -->
<testsuite hostname="USBLRHIMANSHU37" failures="0" tests="1" name="test.IncidentCreationTest" time="56.452" errors="0" timestamp="2025-04-18T13:43:07 IST" skipped="0">
  <testcase classname="test.IncidentCreationTest" name="testIncidentCreation" time="56.452"/>
</testsuite> <!-- test.IncidentCreationTest -->
